<?xml version="1.0" encoding="UTF-8"?>
<!-- Generated by org.testng.reporters.JUnitXMLReporter -->
<testsuite ignored="0" hostname="Apples-MacBook-Air.local" failures="0" tests="6" name="Command line test" time="8.479" errors="0" timestamp="2022-01-13T10:09:08 IST">
  <testcase classname="tests.TestGetandPost" name="testPostComplex" time="3.849"/>
  <testcase classname="tests.TestJSONSchemaValidation" name="testValidateJSONSchemaWithJSON" time="1.815"/>
  <testcase classname="tests.TestPutPatchDelete" name="testDelete" time="0.704"/>
  <testcase classname="tests.TestPutPatchDelete" name="testPatch" time="0.77"/>
  <testcase classname="tests.TestPutPatchDelete" name="testPut" time="0.624"/>
  <testcase classname="Test01_Get" name="Test01" time="0.641"/>
</testsuite> <!-- Command line test -->
