<?xml version="1.0" encoding="UTF-8" ?>
<testsuite tests="6" failures="0" name="TestSuite" time="8.402" errors="0" skipped="0">
  <properties>
[...]
</properties>
  <testcase classname="tests.TestGetandPost" name="testPostComplex" time="3.852"/>
  <testcase classname="tests.TestJSONSchemaValidation" name="testValidateJSONSchemaWithJSON" time="1.819"/>
  <testcase classname="tests.TestPutPatchDelete" name="testDelete" time="0.702"/>
  <testcase classname="tests.TestPutPatchDelete" name="testPatch" time="0.768"/>
  <testcase classname="tests.TestPutPatchDelete" name="testPut" time="0.62"/>
  <testcase classname="Test01_Get" name="Test01" time="0.641"/>
</testsuite>