<?xml version="1.0" encoding="UTF-8"?>
<testng-results ignored="0" total="6" passed="6" failed="0" skipped="0">
  <reporter-output>
  </reporter-output>
  <suite started-at="2022-01-13T10:08:59 IST" name="Command line suite" finished-at="2022-01-13T10:09:08 IST" duration-ms="8479">
    <groups>
    </groups>
    <test started-at="2022-01-13T10:08:59 IST" name="Command line test" finished-at="2022-01-13T10:09:08 IST" duration-ms="8479">
      <class name="Test01_Get">
        <test-method signature="Test01()[pri:0, instance:Test01_Get@9f116cc]" started-at="2022-01-13T10:09:07 IST" name="Test01" finished-at="2022-01-13T10:09:08 IST" duration-ms="641" status="PASS">
          <reporter-output>
          </reporter-output>
        </test-method> <!-- Test01 -->
      </class> <!-- Test01_Get -->
      <class name="tests.TestPutPatchDelete">
        <test-method signature="testDelete()[pri:0, instance:tests.TestPutPatchDelete@67d48005]" started-at="2022-01-13T10:09:05 IST" name="testDelete" finished-at="2022-01-13T10:09:06 IST" duration-ms="704" status="PASS">
          <reporter-output>
          </reporter-output>
        </test-method> <!-- testDelete -->
        <test-method signature="testPatch()[pri:0, instance:tests.TestPutPatchDelete@67d48005]" started-at="2022-01-13T10:09:06 IST" name="testPatch" finished-at="2022-01-13T10:09:07 IST" duration-ms="770" status="PASS">
          <reporter-output>
          </reporter-output>
        </test-method> <!-- testPatch -->
        <test-method signature="testPut()[pri:0, instance:tests.TestPutPatchDelete@67d48005]" started-at="2022-01-13T10:09:07 IST" name="testPut" finished-at="2022-01-13T10:09:07 IST" duration-ms="624" status="PASS">
          <reporter-output>
          </reporter-output>
        </test-method> <!-- testPut -->
      </class> <!-- tests.TestPutPatchDelete -->
      <class name="tests.TestGetandPost">
        <test-method signature="testPostComplex()[pri:0, instance:tests.TestGetandPost@6e20b53a]" started-at="2022-01-13T10:08:59 IST" name="testPostComplex" finished-at="2022-01-13T10:09:03 IST" duration-ms="3849" status="PASS">
          <reporter-output>
          </reporter-output>
        </test-method> <!-- testPostComplex -->
      </class> <!-- tests.TestGetandPost -->
      <class name="tests.TestJSONSchemaValidation">
        <test-method signature="testValidateJSONSchemaWithJSON()[pri:0, instance:tests.TestJSONSchemaValidation@294425a7]" started-at="2022-01-13T10:09:03 IST" name="testValidateJSONSchemaWithJSON" finished-at="2022-01-13T10:09:05 IST" duration-ms="1815" status="PASS">
          <reporter-output>
          </reporter-output>
        </test-method> <!-- testValidateJSONSchemaWithJSON -->
      </class> <!-- tests.TestJSONSchemaValidation -->
    </test> <!-- Command line test -->
  </suite> <!-- Command line suite -->
</testng-results>
